<?xml version="1.0" encoding="utf-8"?><testsuites><testsuite name="pytest" errors="0" failures="0" skipped="3" tests="256" time="104.724" timestamp="2026-09-25T13:47:11.088715" hostname="ip-172-31-3-193"><testcase classname="tests.test_phase_a_candidate_scoring_projection" name="test_candidate_manifest_is_isolated_and_hash_pinned" time="0.002" /><testcase classname="tests.test_phase_a_candidate_scoring_projection" name="test_governed_regime_transition_and_full_2026_rules" time="0.001" /><testcase classname="tests.test_phase_a_candidate_scoring_projection" name="test_tg2_ns2025_missing_measure_admits_exact_e_rule_and_customer_chain" time="0.001" /><testcase classname="tests.test_phase_a_candidate_scoring_projection" name="test_same_physical_point_findings_group_with_complete_raw_lineage" time="0.001" /><testcase classname="tests.test_phase_a_candidate_scoring_projection" name="test_category_e_cap_and_no_category_a_duplicate" time="0.000" /><testcase classname="tests.test_phase_a_candidate_scoring_projection" name="test_limitation_as_risk_uses_governed_canonical_identity_and_stable_point_id" time="0.001" /><testcase classname="tests.test_phase_a_source_inventory_safety" name="test_ivit_source_inventory_is_independent_and_contains_all_tgiu_points" time="3.919" /><testcase classname="tests.test_phase_a_source_inventory_safety" name="test_structural_reconciliation_guard_blocks_material_non_point_inventory_misreads" time="0.001" /><testcase classname="tests.test_phase_a_source_inventory_safety" name="test_structural_reconciliation_guard_blocks_ai_only_tg_fallback" time="0.001" /><testcase classname="tests.test_phase_a_source_inventory_safety" name="test_structural_reconciliation_guard_allows_normal_inventory_fallback_patterns" time="0.001" /><testcase classname="tests.test_phase_a_source_inventory_safety" name="test_bmtf_numbered_parent_sections_canonicalize_local_and_omitted_point_labels" time="3.730" /><testcase classname="tests.test_phase_a_source_inventory_safety" name="test_detached_methodology_retrieval_uses_only_the_governed_detached_structure_rule" time="4.215" /><testcase classname="tests.test_phase_a_source_inventory_safety" name="test_aarsak_retrieval_includes_resolved_edition_scope_context" time="0.005" /><testcase classname="tests.test_phase_a_source_inventory_safety" name="test_physical_point_bodies_are_non_overlapping_and_do_not_depend_on_ai" time="0.001" /><testcase classname="tests.test_phase_a_source_inventory_safety" name="test_point_body_continues_across_one_and_multiple_pages_until_next_primary" time="0.002" /><testcase classname="tests.test_phase_a_source_inventory_safety" name="test_final_point_continues_across_pages_without_a_later_primary" time="0.001" /><testcase classname="tests.test_phase_a_source_inventory_safety" name="test_excessive_unbounded_final_span_is_marked_uncertain" time="0.002" /><testcase classname="tests.test_phase_a_source_inventory_safety" name="test_ai_candidate_on_continuation_span_reconciles_to_physical_point" time="0.002" /><testcase classname="tests.test_phase_a_source_inventory_safety" name="test_general_tgiu_detection_uses_unseen_titles_and_wording[TG IU]" time="0.001" /><testcase classname="tests.test_phase_a_source_inventory_safety" name="test_general_tgiu_detection_uses_unseen_titles_and_wording[TGIU]" time="0.001" /><testcase classname="tests.test_phase_a_source_inventory_safety" name="test_general_tgiu_detection_uses_unseen_titles_and_wording[Ikke unders\xf8kt]" time="0.001" /><testcase classname="tests.test_phase_a_source_inventory_safety" name="test_general_tgiu_detection_uses_unseen_titles_and_wording[Ikke inspisert]" time="0.001" /><testcase classname="tests.test_phase_a_source_inventory_safety" name="test_general_tgiu_detection_uses_unseen_titles_and_wording[Ikke tilgjengelig for unders\xf8kelse]" time="0.001" /><testcase classname="tests.test_phase_a_source_inventory_safety" name="test_general_tgiu_detection_uses_unseen_titles_and_wording[Ikke mulig \xe5 unders\xf8ke]" time="0.001" /><testcase classname="tests.test_phase_a_source_inventory_safety" name="test_general_tgiu_detection_uses_unseen_titles_and_wording[Kunne ikke kontrolleres]" time="0.001" /><testcase classname="tests.test_phase_a_source_inventory_safety" name="test_general_tgiu_detection_uses_unseen_titles_and_wording[Utilgjengelig for inspeksjon]" time="0.001" /><testcase classname="tests.test_phase_a_source_inventory_safety" name="test_explicit_numbered_tgiu_heading_normalizes_type_and_planner_route" time="0.002" /><testcase classname="tests.test_phase_a_source_inventory_safety" name="test_hms_vurdering_is_no_tg_and_navigation_is_not_primary" time="0.001" /><testcase classname="tests.test_phase_a_source_inventory_safety" name="test_no_tg_context_categories_are_not_coerced_to_tg2[Elektrisk anlegg-Kontroll uten tilstandsgrad.-electrical_no_tg]" time="0.001" /><testcase classname="tests.test_phase_a_source_inventory_safety" name="test_no_tg_context_categories_are_not_coerced_to_tg2[Lovlighet-Ferdigattest er ikke fremlagt.-legality_no_tg]" time="0.001" /><testcase classname="tests.test_phase_a_source_inventory_safety" name="test_no_tg_context_categories_are_not_coerced_to_tg2[Oppdragets rammer-Metodikk og avgrensning.-methodology_only]" time="0.001" /><testcase classname="tests.test_phase_a_source_inventory_safety" name="test_navigation_marker_inside_point_does_not_truncate_cross_page_body" time="0.002" /><testcase classname="tests.test_phase_a_source_inventory_safety" name="test_cross_page_body_trims_headers_footers_and_trailing_section_labels" time="0.002" /><testcase classname="tests.test_phase_a_source_inventory_safety" name="test_cross_reference_is_not_used_as_primary_title" time="0.001" /><testcase classname="tests.test_phase_a_source_inventory_safety" name="test_summary_continuation_stays_linked_and_never_becomes_primary" time="0.001" /><testcase classname="tests.test_phase_a_source_inventory_safety" name="test_equal_ai_reconciliation_conflict_is_traceable_and_not_first_matched" time="0.002" /><testcase classname="tests.test_phase_a_source_inventory_safety" name="test_bolavi_summary_is_linked_and_not_a_second_primary_point" time="8.463" /><testcase classname="tests.test_phase_a_source_inventory_safety" name="test_real_ivit_and_bolavi_point_hierarchy_and_bodies_are_isolated" time="14.977" /><testcase classname="tests.test_phase_a_source_inventory_safety" name="test_fremtind_source_inventory_rejects_footers_headers_and_table_labels_as_points" time="3.365" /><testcase classname="tests.test_phase_a_source_inventory_safety" name="test_fremtind_gjovik_source_inventory_keeps_real_titles_and_drops_structural_noise" time="0.107" /><testcase classname="tests.test_phase_a_source_inventory_safety" name="test_fremtind_gjovik_tg3_points_keep_point_bound_cost_estimates_in_body" time="0.104" /><testcase classname="tests.test_phase_a_source_inventory_safety" name="test_oredalsveien_cross_page_titles_and_no_tg_sections_bind_to_correct_points" time="3.784" /><testcase classname="tests.test_phase_a_source_inventory_safety" name="test_real_report_summaries_are_all_linked_and_never_primary_assessments" time="16.710" /><testcase classname="tests.test_phase_a_source_inventory_safety" name="test_bmtf_all_summary_links_use_the_correct_substantive_hierarchy" time="3.645" /><testcase classname="tests.test_phase_a_source_inventory_safety" name="test_identical_ventilation_titles_link_with_main_section_hierarchy" time="0.005" /><testcase classname="tests.test_phase_a_source_inventory_safety" name="test_hierarchical_summary_rows_ground_detailed_points_without_becoming_primary" time="0.005" /><testcase classname="tests.test_phase_a_source_inventory_safety" name="test_wrapped_heading_fragment_does_not_steal_summary_tg_from_another_point" time="0.003" /><testcase classname="tests.test_phase_a_source_inventory_safety" name="test_detached_building_methodology_body_keeps_internal_subheadings_until_next_real_section" time="0.001" /><testcase classname="tests.test_phase_a_source_inventory_safety" name="test_summary_prose_with_tg_counts_never_becomes_primary_point" time="0.001" /><testcase classname="tests.test_phase_a_source_inventory_safety" name="test_ambiguous_hierarchical_summary_link_blocks_completion" time="0.003" /><testcase classname="tests.test_phase_a_source_inventory_safety" name="test_real_report_body_spans_are_reversible_and_exclude_extraction_artifacts" time="16.703" /><testcase classname="tests.test_phase_a_source_inventory_safety" name="test_named_real_point_bodies_exclude_unrelated_structural_sections" time="18.176" /><testcase classname="tests.test_phase_a_source_inventory_safety" name="test_overlapping_ai_hms_sections_are_support_only_and_not_parallel_plans" time="0.002" /><testcase classname="tests.test_phase_a_source_inventory_safety" name="test_unresolved_summary_link_becomes_traceable_completion_blocker" time="0.002" /><testcase classname="tests.test_phase_a_source_inventory_safety" name="test_bmtf_ambiguous_summary_child_does_not_block_completion" time="3.989" /><testcase classname="tests.test_phase_a_source_inventory_safety" name="test_runtime_rejects_an_unapproved_manifest_even_when_asset_hashes_match" time="0.002" /><testcase classname="tests.test_phase_a_source_inventory_safety" name="test_unresolved_individual_rule_blocks_model_even_if_category_is_resolved" time="0.014" /><testcase classname="tests.test_phase_a_source_inventory_safety" name="test_one_model_failure_abstains_and_other_assessments_continue" time="0.009" /><testcase classname="tests.test_phase_a3_a4_governed_pipeline" name="test_hierarchy_linked_summary_is_trace_only_not_semantic_evidence" time="0.001" /><testcase classname="tests.test_phase_a3_a4_governed_pipeline" name="test_semantic_risiko_recognizes_real_and_unseen_wording[Tilstanden inneb\xe6rer risiko for videre nedbrytning av treverket.]" time="0.006" /><testcase classname="tests.test_phase_a3_a4_governed_pipeline" name="test_semantic_risiko_recognizes_real_and_unseen_wording[Mangelen medf\xf8rer \xf8kt risiko for sn\xf8ras og personskade.]" time="0.001" /><testcase classname="tests.test_phase_a3_a4_governed_pipeline" name="test_semantic_risiko_recognizes_real_and_unseen_wording[Beslaget \xf8ker risikoen for vanninntrengning og senere fuktskade.]" time="0.001" /><testcase classname="tests.test_phase_a3_a4_governed_pipeline" name="test_semantic_risiko_recognizes_real_and_unseen_wording[Forholdet vil kunne f\xf8re til r\xe5te i den b\xe6rende konstruksjonen.]" time="0.001" /><testcase classname="tests.test_phase_a3_a4_governed_pipeline" name="test_semantic_risiko_recognizes_real_and_unseen_wording[Det foreligger fare for funksjonssvikt ved fortsatt bruk.]" time="0.001" /><testcase classname="tests.test_phase_a3_a4_governed_pipeline" name="test_semantic_risiko_recognizes_real_and_unseen_wording[Dette gir \xf8kt sannsynlighet for vannskade over tid.]" time="0.001" /><testcase classname="tests.test_phase_a3_a4_governed_pipeline" name="test_semantic_risiko_recognizes_real_and_unseen_wording[Forholdet kan over tid belaste underliggende membran.]" time="0.001" /><testcase classname="tests.test_phase_a3_a4_governed_pipeline" name="test_semantic_risiko_recognizes_real_and_unseen_wording[Fuktskaden gir \xf8kt risiko for ytterligere oppsvelling.]" time="0.001" /><testcase classname="tests.test_phase_a3_a4_governed_pipeline" name="test_semantic_risiko_recognizes_hidden_wetroom_solution_uncertainty_as_technical_risk" time="0.000" /><testcase classname="tests.test_phase_a3_a4_governed_pipeline" name="test_semantic_aarsak_rationale_signal_recognizes_general_rationale_classes[Vurdering av avvik: Mer enn halvparten av forventet funksjonstid for r\xf8ranlegg er oppn\xe5dd.]" time="0.002" /><testcase classname="tests.test_phase_a3_a4_governed_pipeline" name="test_semantic_aarsak_rationale_signal_recognizes_general_rationale_classes[Vurdering av avvik: Det er ikke p\xe5vist tilfredsstillende el-tilkobling av varmtvannstank.]" time="0.001" /><testcase classname="tests.test_phase_a3_a4_governed_pipeline" name="test_semantic_aarsak_rationale_signal_recognizes_general_rationale_classes[Vurdering av avvik: Det er registrert fuktmerker p\xe5 undertak ved gjennomf\xf8ring.]" time="0.001" /><testcase classname="tests.test_phase_a3_a4_governed_pipeline" name="test_semantic_aarsak_rationale_signal_recognizes_observation_rationale_variants[Vurdering av avvik: Det er sprekk i bakplate i ovnen.]" time="0.001" /><testcase classname="tests.test_phase_a3_a4_governed_pipeline" name="test_semantic_aarsak_rationale_signal_recognizes_observation_rationale_variants[Vurdering av avvik: Terrenget er flatt og faller inn mot bygningen.]" time="0.001" /><testcase classname="tests.test_phase_a3_a4_governed_pipeline" name="test_semantic_aarsak_rationale_signal_recognizes_observation_rationale_variants[Vurdering av avvik: Eiendommen ligger i et flomutsatt omr\xe5de.]" time="0.000" /><testcase classname="tests.test_phase_a3_a4_governed_pipeline" name="test_semantic_anbefalt_tiltak_signal_recognizes_combined_field_actions[Konsekvens/tiltak: Det b\xf8r etableres tilfredsstillende el-tilkobling etter gjeldende forskrift.]" time="0.002" /><testcase classname="tests.test_phase_a3_a4_governed_pipeline" name="test_semantic_anbefalt_tiltak_signal_recognizes_combined_field_actions[Konsekvens/tiltak: Gjennomf\xf8ringer i tak m\xe5 kontrolleres for \xe5 kartlegge \xe5rsak til misfarging/fuktmerker.]" time="0.001" /><testcase classname="tests.test_phase_a3_a4_governed_pipeline" name="test_semantic_anbefalt_tiltak_signal_recognizes_combined_field_actions[Konsekvens/tiltak: Det anbefales \xe5 etablere kj\xf8kkenventilator med avtrekk ut i det fri over komfyr.]" time="0.001" /><testcase classname="tests.test_phase_a3_a4_governed_pipeline" name="test_semantic_anbefalt_tiltak_signal_recognizes_hold_under_observation_wording" time="0.001" /><testcase classname="tests.test_phase_a3_a4_governed_pipeline" name="test_semantic_konsekvens_signal_recognizes_hidden_damage_or_practical_effect[Konsekvens/tiltak: Det kan ikke utelukkes at skjulte fuktforhold eller skader foreligger i konstruksjonen.]" time="0.003" /><testcase classname="tests.test_phase_a3_a4_governed_pipeline" name="test_semantic_konsekvens_signal_recognizes_hidden_damage_or_practical_effect[Konsekvens/tiltak: Konsekvens er merker eller skader p\xe5 karm og d\xf8rblad.]" time="0.001" /><testcase classname="tests.test_phase_a3_a4_governed_pipeline" name="test_semantic_konsekvens_signal_recognizes_hidden_damage_or_practical_effect[Risiko/Konsekvens: Over tid kan dette medf\xf8re d\xe5rligere inneklima, h\xf8yere luftfuktighet og biologisk vekst i utsatte konstruksjoner.]" time="0.001" /><testcase classname="tests.test_phase_a3_a4_governed_pipeline" name="test_semantic_risiko_does_not_treat_room_use_impact_alone_as_technical_risk" time="0.001" /><testcase classname="tests.test_phase_a3_a4_governed_pipeline" name="test_semantic_konsekvens_does_not_treat_documentation_uncertainty_alone_as_substantive_consequence" time="0.001" /><testcase classname="tests.test_phase_a3_a4_governed_pipeline" name="test_semantic_legality_signal_recognizes_buyer_use_and_follow_up_context" time="0.001" /><testcase classname="tests.test_phase_a3_a4_governed_pipeline" name="test_generic_inspection_methodology_does_not_satisfy_point_bound_risiko" time="0.001" /><testcase classname="tests.test_phase_a3_a4_governed_pipeline" name="test_missing_risiko_stays_missing_for_operational_adjustment_only_point" time="0.002" /><testcase classname="tests.test_phase_a3_a4_governed_pipeline" name="test_missing_consequence_normalizes_to_satisfied_for_functional_impairment_wording" time="0.001" /><testcase classname="tests.test_phase_a3_a4_governed_pipeline" name="test_satisfied_risiko_normalizes_to_missing_for_surface_flaking_use_only_wording" time="0.001" /><testcase classname="tests.test_phase_a3_a4_governed_pipeline" name="test_missing_konsekvens_normalizes_to_satisfied_for_measurement_only_text" time="0.001" /><testcase classname="tests.test_phase_a3_a4_governed_pipeline" name="test_refresh_risk_replay_targets_safety_airflow_and_present_state_boundaries" time="0.000" /><testcase classname="tests.test_phase_a3_a4_governed_pipeline" name="test_refresh_konsekvens_replay_targets_purpose_airflow_and_present_state_boundaries" time="0.000" /><testcase classname="tests.test_phase_a3_a4_governed_pipeline" name="test_adjudication_instruction_locks_imperative_form_boundary" time="0.001" /><testcase classname="tests.test_phase_a3_a4_governed_pipeline" name="test_risk_replay_targets_safety_wording_in_measure_prose" time="0.000" /><testcase classname="tests.test_phase_a3_a4_governed_pipeline" name="test_konsekvens_replay_targets_purpose_wording_without_standalone_effect" time="0.000" /><testcase classname="tests.test_phase_a3_a4_governed_pipeline" name="test_tiltak_replay_targets_direct_execution_orders_only" time="0.000" /><testcase classname="tests.test_phase_a3_a4_governed_pipeline" name="test_missing_aarsak_normalizes_to_satisfied_when_same_point_already_states_rationale" time="0.001" /><testcase classname="tests.test_phase_a3_a4_governed_pipeline" name="test_satisfied_consequence_stays_satisfied_when_same_point_contains_real_consequence[Har noe setningsskader og trenger utbedringer.-TILTAK_AS_KONSEKVENS]" time="0.002" /><testcase classname="tests.test_phase_a3_a4_governed_pipeline" name="test_satisfied_consequence_stays_satisfied_when_same_point_contains_real_consequence[Risiko for videre utvikling av skade hvis forholdene vedvarer.-RISIKO_AS_KONSEKVENS]" time="0.001" /><testcase classname="tests.test_phase_a3_a4_governed_pipeline" name="test_satisfied_consequence_stays_satisfied_when_same_point_contains_real_consequence[\xd8kt fuktbelastning p\xe5 mur.-TECHNICAL_DEVELOPMENT_AS_KONSEKVENS]" time="0.001" /><testcase classname="tests.test_phase_a3_a4_governed_pipeline" name="test_satisfied_consequence_normalizes_to_tiltak_as_konsekvens_when_only_action_purpose_is_present" time="0.001" /><testcase classname="tests.test_phase_a3_a4_governed_pipeline" name="test_technical_development_consequence_normalizes_to_satisfied_when_same_point_states_practical_effects" time="0.001" /><testcase classname="tests.test_phase_a3_a4_governed_pipeline" name="test_non_triggered_methodology_abstain_normalizes_to_satisfied" time="0.001" /><testcase classname="tests.test_phase_a3_a4_governed_pipeline" name="test_methodology_only_point_with_concrete_deviation_normalizes_to_garasje_rule" time="0.001" /><testcase classname="tests.test_phase_a3_a4_governed_pipeline" name="test_non_triggered_legality_abstain_normalizes_to_satisfied" time="0.000" /><testcase classname="tests.test_phase_a3_a4_governed_pipeline" name="test_risk_wrong_role_is_normalized_to_missing_when_only_use_impact_or_cause_is_present" time="0.001" /><testcase classname="tests.test_phase_a3_a4_governed_pipeline" name="test_missing_consequence_is_normalized_to_tiltak_as_konsekvens_when_only_measure_is_present" time="0.001" /><testcase classname="tests.test_phase_a3_a4_governed_pipeline" name="test_direct_execution_order_normalizes_tiltak_to_imperative_form" time="0.001" /><testcase classname="tests.test_phase_a3_a4_governed_pipeline" name="test_expectation_wording_does_not_normalize_tiltak_to_imperative_form" time="0.000" /><testcase classname="tests.test_phase_a3_a4_governed_pipeline" name="test_semantic_adjudicator_requires_meaning_not_headings_or_exact_phrases" time="0.000" /><testcase classname="tests.test_phase_a3_a4_governed_pipeline" name="test_runtime_adjudication_instruction_preserves_approved_semantic_boundaries" time="0.000" /><testcase classname="tests.test_phase_a3_a4_governed_pipeline" name="test_semantic_prompts_are_loaded_from_approved_governed_asset" time="0.001" /><testcase classname="tests.test_phase_a3_a4_governed_pipeline" name="test_semantic_prompt_asset_preserves_approved_no_regrading_and_edition_boundary_rules" time="0.000" /><testcase classname="tests.test_phase_a3_a4_governed_pipeline" name="test_semantic_governance_context_uses_approved_examples_and_aarsak_criterion_context" time="0.002" /><testcase classname="tests.test_phase_a3_a4_governed_pipeline" name="test_semantic_diagnostics_payload_exposes_generic_recheck_signals" time="0.004" /><testcase classname="tests.test_phase_a3_a4_governed_pipeline" name="test_aarsak_product_boundary_does_not_turn_tg_mismatch_into_missing_or_abstain" time="0.002" /><testcase classname="tests.test_phase_a3_a4_governed_pipeline" name="test_compound_tgiu_output_is_split_into_governed_atomic_candidates" time="0.001" /><testcase classname="tests.test_phase_a3_a4_governed_pipeline" name="test_applicability_skips_aggregate_multi_issue_container_points" time="0.002" /><testcase classname="tests.test_phase_a3_a4_governed_pipeline" name="test_tgiu_missing_reason_is_not_deterministically_rewritten_when_reason_is_explicit_in_point_body" time="0.001" /><testcase classname="tests.test_phase_a3_a4_governed_pipeline" name="test_tgiu_missing_reason_is_not_normalized_away_for_bare_not_inspected_text" time="0.001" /><testcase classname="tests.test_phase_a3_a4_governed_pipeline" name="test_tgiu_missing_reason_is_not_deterministically_rewritten_when_report_states_no_information_object_exists" time="0.001" /><testcase classname="tests.test_phase_a3_a4_governed_pipeline" name="test_tgiu_rule_coverage_requires_exactly_one_candidate_per_rule" time="0.000" /><testcase classname="tests.test_phase_a3_a4_governed_pipeline" name="test_tgiu_rule_coverage_rejects_missing_or_duplicated_rule_decisions" time="0.001" /><testcase classname="tests.test_phase_a3_a4_governed_pipeline" name="test_tg3_cost_satisfied_is_normalized_to_missing_when_point_bound_evidence_has_no_cost" time="0.001" /><testcase classname="tests.test_phase_a3_a4_governed_pipeline" name="test_tg3_cost_missing_is_normalized_to_satisfied_when_point_bound_interval_exists" time="0.001" /><testcase classname="tests.test_phase_a3_a4_governed_pipeline" name="test_tg3_cost_missing_is_normalized_to_satisfied_when_point_bound_bounded_amount_exists" time="0.000" /><testcase classname="tests.test_phase_a3_a4_governed_pipeline" name="test_a3_rejects_asset_that_no_longer_matches_manifest" time="0.006" /><testcase classname="tests.test_phase_a3_a4_governed_pipeline" name="test_a3_proves_asset_and_chunk_provenance" time="0.005" /><testcase classname="tests.test_phase_a3_a4_governed_pipeline" name="test_a4_pending_regime_abstains_before_model_invocation" time="0.003" /><testcase classname="tests.test_phase_a3_a4_governed_pipeline" name="test_a4_admits_only_evidence_bound_governed_finding" time="0.003" /><testcase classname="tests.test_phase_a3_a4_governed_pipeline" name="test_governed_finding_aliases_share_one_canonical_stable_identity" time="0.006" /><testcase classname="tests.test_phase_a3_a4_governed_pipeline" name="test_a4_rejects_unsupported_or_unbound_findings[model0-finding_type_not_governed_by_retrieved_rules]" time="0.005" /><testcase classname="tests.test_phase_a3_a4_governed_pipeline" name="test_a4_rejects_unsupported_or_unbound_findings[model1-unknown_evidence_reference]" time="0.004" /><testcase classname="tests.test_phase_a3_a4_governed_pipeline" name="test_applicability_plan_only_runs_structurally_relevant_categories" time="0.004" /><testcase classname="tests.test_phase_a3_a4_governed_pipeline" name="test_tg3_cost_retrieval_uses_actual_manifest_governed_rules" time="0.013" /><testcase classname="tests.test_phase_a3_a4_governed_pipeline" name="test_anbefalt_tiltak_retrieval_keeps_governed_field_definition_for_imperative_validation" time="0.007" /><testcase classname="tests.test_phase_a3_a4_governed_pipeline" name="test_stable_finding_identity_and_complete_without_findings_rules" time="0.008" /><testcase classname="tests.test_phase_a3_a4_governed_pipeline" name="test_legality_l_bu_01_requires_buyer_relevant_point_bound_signal" time="0.007" /><testcase classname="tests.test_phase_a3_a4_governed_pipeline" name="test_semantic_model_receives_complete_body_and_does_not_require_headings" time="0.010" /><testcase classname="tests.test_phase_a3_a4_governed_pipeline" name="test_tgiu_adjudication_replay_reuses_multi_candidate_authoritative_decisions" time="0.003" /><testcase classname="tests.test_dommer_b_regression" name="test_markdown_test_set_is_parseable_and_schema_complete" time="0.003" /><testcase classname="tests.test_dommer_b_regression" name="test_exact_point_tg_wins_over_merged_tg3_summary" time="0.003" /><testcase classname="tests.test_dommer_b_regression" name="test_local_point_tg_prefers_header_attached_marker_over_summary_tg" time="0.002" /><testcase classname="tests.test_dommer_b_regression" name="test_semantic_tg3_cost_backstop_adds_missing_terrain_cost_only" time="0.001" /><testcase classname="tests.test_dommer_b_regression" name="test_tg3_missing_cost_compliance_finding_scores_category_e_and_gate" time="0.002" /><testcase classname="tests.test_dommer_b_regression" name="test_incomplete_fallback_marks_score_invalid_and_categories_unchecked" time="0.015" /><testcase classname="tests.test_dommer_b_regression" name="test_incomplete_feedback_policy_preserves_findings_and_points_overview" time="0.071" /><testcase classname="tests.test_dommer_b_regression" name="test_bolavi_mutation_checks_fire_for_each_arkat_field_class[aarsak-MISSING-MISSING-MISSING (aarsak)]" time="0.003" /><testcase classname="tests.test_dommer_b_regression" name="test_bolavi_mutation_checks_fire_for_each_arkat_field_class[risiko-MISSING-MISSING-MISSING (risiko)]" time="0.001" /><testcase classname="tests.test_dommer_b_regression" name="test_bolavi_mutation_checks_fire_for_each_arkat_field_class[konsekvens-Fukt kan trenge inn bak konstruksjonen.-WRONG-TECHNICAL_DEVELOPMENT_AS_KONSEKVENS]" time="0.002" /><testcase classname="tests.test_dommer_b_regression" name="test_bolavi_mutation_checks_fire_for_each_arkat_field_class[anbefalt_tiltak-MISSING-MISSING-MISSING (anbefalt_tiltak)]" time="0.003" /><testcase classname="tests.test_dommer_b_regression" name="test_cross_format_regression_smoke_set_covers_required_runtime_axes" time="0.007" /><testcase classname="tests.test_dommer_b_regression" name="test_pdf_glyph_cleanup_runs_before_dommer_b_text_use" time="0.006" /><testcase classname="tests.test_dommer_b_regression" name="test_zero_deduction_category_summary_guard_requires_visible_finding" time="0.011" /><testcase classname="tests.test_dommer_b_regression" name="test_tabelldata_strip_drops_unanchored_cross_page_prose" time="0.001" /><testcase classname="tests.test_dommer_b_regression" name="test_tabelldata_strip_preserves_same_point_continuation" time="0.001" /><testcase classname="tests.test_dommer_b_regression" name="test_dommer_b_v12_direct_consequence_canaries_are_correct[En lekkasje fra varmtvannsbereder vil ikke n\xf8dvendigvis kunne oppdages tidlig nok f\xf8r det gj\xf8r skader p\xe5 andre bygningsdeler]" time="0.001" /><testcase classname="tests.test_dommer_b_regression" name="test_dommer_b_v12_direct_consequence_canaries_are_correct[Dette kan gi negative konsekvenser over tid b\xe5de bygningsmessig og helsemessig]" time="0.001" /><testcase classname="tests.test_dommer_b_regression" name="test_dommer_b_v12_direct_consequence_canaries_are_correct[Kan f\xf8re til r\xe5te over tid]" time="0.001" /><testcase classname="tests.test_dommer_b_regression" name="test_dommer_b_v12_raw_text_consequence_fallback_before_missing[En lekkasje fra varmtvannsbereder vil ikke n\xf8dvendigvis kunne oppdages tidlig nok f\xf8r det gj\xf8r skader p\xe5 andre bygningsdeler]" time="0.005" /><testcase classname="tests.test_dommer_b_regression" name="test_dommer_b_v12_raw_text_consequence_fallback_before_missing[Dette kan gi negative konsekvenser over tid b\xe5de bygningsmessig og helsemessig]" time="0.002" /><testcase classname="tests.test_dommer_b_regression" name="test_dommer_b_v12_raw_text_consequence_fallback_before_missing[Kan f\xf8re til r\xe5te over tid]" time="0.002" /><testcase classname="tests.test_dommer_b_regression" name="test_tgiu_normalization_forces_arkat_fields_not_applicable" time="0.001" /><testcase classname="tests.test_dommer_b_regression" name="test_tgiu_independent_followup_and_moisture_applicability_fixtures" time="0.002" /><testcase classname="tests.test_dommer_b_regression" name="test_markdown_deterministic_regression_cases[1]" time="0.013" /><testcase classname="tests.test_dommer_b_regression" name="test_markdown_deterministic_regression_cases[2]" time="0.034" /><testcase classname="tests.test_dommer_b_regression" name="test_markdown_deterministic_regression_cases[3]" time="0.026" /><testcase classname="tests.test_dommer_b_regression" name="test_markdown_deterministic_regression_cases[4]" time="0.030" /><testcase classname="tests.test_dommer_b_regression" name="test_markdown_deterministic_regression_cases[5]" time="0.035" /><testcase classname="tests.test_dommer_b_regression" name="test_markdown_deterministic_regression_cases[6]" time="0.024" /><testcase classname="tests.test_dommer_b_regression" name="test_markdown_deterministic_regression_cases[7]" time="0.029" /><testcase classname="tests.test_dommer_b_regression" name="test_markdown_deterministic_regression_cases[8]" time="0.011" /><testcase classname="tests.test_dommer_b_regression" name="test_markdown_deterministic_regression_cases[9]" time="0.008" /><testcase classname="tests.test_dommer_b_regression" name="test_fr_1807_report_regression_score_legal_and_extraction" time="0.000"><skipped type="pytest.skip" message="Retired 2026-07-29: locked fixtures 1807/1808 are unavailable; 1806 historical candidate does not match the test's declared baseline. See regression_fixture_retirement_decision_20260729.md.">/home/ubuntu/Quality/Vegard-Quality-System/tests/test_dommer_b_regression.py:767: Retired 2026-07-29: locked fixtures 1807/1808 are unavailable; 1806 historical candidate does not match the test's declared baseline. See regression_fixture_retirement_decision_20260729.md.</skipped></testcase><testcase classname="tests.test_dommer_b_regression" name="test_bg_1808_report_regression_score_and_merknader_bullets" time="0.000"><skipped type="pytest.skip" message="Retired 2026-07-29: locked fixtures 1807/1808 are unavailable; 1806 historical candidate does not match the test's declared baseline. See regression_fixture_retirement_decision_20260729.md.">/home/ubuntu/Quality/Vegard-Quality-System/tests/test_dommer_b_regression.py:797: Retired 2026-07-29: locked fixtures 1807/1808 are unavailable; 1806 historical candidate does not match the test's declared baseline. See regression_fixture_retirement_decision_20260729.md.</skipped></testcase><testcase classname="tests.test_dommer_b_regression" name="test_technical_development_flags_in_current_real_reports" time="0.000"><skipped type="pytest.skip" message="Retired 2026-07-29: locked fixtures 1807/1808 are unavailable; 1806 historical candidate does not match the test's declared baseline. See regression_fixture_retirement_decision_20260729.md.">/home/ubuntu/Quality/Vegard-Quality-System/tests/test_dommer_b_regression.py:843: Retired 2026-07-29: locked fixtures 1807/1808 are unavailable; 1806 historical candidate does not match the test's declared baseline. See regression_fixture_retirement_decision_20260729.md.</skipped></testcase><testcase classname="tests.test_dommer_b_regression" name="test_dommer_b_tg3_action_fallback_prefers_explicit_tiltak_sentence" time="0.006" /><testcase classname="tests.test_dommer_b_regression" name="test_dommer_b_hidden_damage_consequence_raw_fallback_before_missing" time="0.003" /><testcase classname="tests.test_dommer_b_regression" name="test_dommer_b_crawlspace_recovers_cause_and_risk_from_raw_text" time="0.004" /><testcase classname="tests.test_dommer_b_regression" name="test_bmtf_feedback_v11_sanitizer_removes_all_fremtind_style_p_codes" time="0.002" /><testcase classname="tests.test_dommer_b_regression" name="test_tg3_missing_tiltak_removed_when_dommer_b_says_tg2_not_applicable" time="0.001" /><testcase classname="tests.test_dommer_b_regression" name="test_category_summary_uses_concrete_consequence_wording_not_buyer_oriented_requirement" time="0.001" /><testcase classname="tests.test_dommer_b_regression" name="test_dommer_b_wetroom_tg3_raw_fallback_recovers_consequence_and_action" time="0.008" /><testcase classname="tests.test_dommer_b_regression" name="test_bmtf_public_sanitizer_removes_parent_canonical_ids_and_detected_points_codes" time="0.001" /><testcase classname="tests.test_dommer_b_regression" name="test_bmtf_feedback_v11_sanitizer_removes_lowercase_hyphen_p_codes" time="0.001" /><testcase classname="tests.test_dommer_b_regression" name="test_user_facing_text_sanitizer_removes_legacy_buyer_consequence_terms" time="0.001" /><testcase classname="tests.test_dommer_b_regression" name="test_ns2018_user_facing_text_sanitizer_removes_2025_tg2_gate_text" time="0.001" /><testcase classname="tests.test_dommer_b_regression" name="test_duplicate_f001_legality_summary_is_removed_from_public_output_and_not_extra_score" time="0.001" /><testcase classname="tests.test_dommer_b_regression" name="test_bmtf_feedback_v11_sanitizer_removes_fremtind_p11g_codes" time="0.001" /><testcase classname="tests.test_dommer_b_regression" name="test_ns2018_category_summary_does_not_claim_2025_tg2_tiltak_regime" time="0.002" /><testcase classname="tests.test_dommer_b_regression" name="test_category_summary_does_not_claim_missing_tg3_tiltak_when_final_dommer_b_is_correct" time="0.002" /><testcase classname="tests.test_dommer_b_regression" name="test_category_summary_keeps_missing_tg3_tiltak_when_final_dommer_b_is_missing" time="0.002" /><testcase classname="tests.test_dommer_b_regression" name="test_legacy_konsekvens_unclear_removed_when_semantic_consequence_missing" time="0.001" /><testcase classname="tests.test_dommer_b_regression" name="test_feedback_v11_legacy_konsekvens_unclear_removed_when_semantic_missing" time="0.001" /><testcase classname="tests.test_dommer_b_regression" name="test_final_category_summary_contract_removes_late_tg3_cost_claim_variant" time="0.001" /><testcase classname="tests.test_dommer_b_regression" name="test_untraceable_tg3_cost_summary_claim_is_removed_unless_visible_finding_exists" time="0.000" /><testcase classname="tests.test_dommer_b_regression" name="test_zero_score_d_long_sentence_finding_is_informational" time="0.001" /><testcase classname="tests.test_dommer_b_regression" name="test_nonzero_score_d_long_sentence_finding_keeps_band" time="0.000" /><testcase classname="tests.test_dommer_b_regression" name="test_compressed_mixed_public_sanitizer_removes_fremtind_p_codes" time="0.001" /><testcase classname="tests.test_dommer_b_regression" name="test_bmtf_railings_backstop_does_not_surface_fremtind_p_code" time="0.005" /><testcase classname="tests.test_dommer_b_regression" name="test_buyer_only_consequence_rule_is_not_publicly_emitted" time="0.001" /><testcase classname="tests.test_dommer_b_regression" name="test_compressed_mixed_block_extraction_uses_component_body_not_summary_or_hms" time="0.017" /><testcase classname="tests.test_dommer_b_regression" name="test_compressed_mixed_document_identity_date_is_detected" time="0.001" /><testcase classname="tests.test_dommer_b_regression" name="test_user_facing_text_sanitizer_removes_buyer_only_consequence_variants" time="0.002" /><testcase classname="tests.test_dommer_b_regression" name="test_feedback_missing_tiltak_sanitizer_does_not_create_tg3_finding_for_tg2" time="0.001" /><testcase classname="tests.test_dommer_b_regression" name="test_compressed_mixed_special_room_kjolerom_blocks_are_path_anchored" time="0.006" /><testcase classname="tests.test_dommer_b_regression" name="test_buyer_only_scrubber_does_not_drop_dommer_b_point_objects" time="0.001" /><testcase classname="tests.test_dommer_b_regression" name="test_category_summary_removes_unverified_action_and_schematic_claims" time="0.003" /><testcase classname="tests.test_dommer_b_regression" name="test_category_summary_rewrites_exact_buyer_only_consequence_phrase" time="0.002" /><testcase classname="tests.test_dommer_b_regression" name="test_category_summary_removes_false_partial_tg3_cost_claim_when_tg3_costs_are_present" time="0.002" /><testcase classname="tests.test_dommer_b_regression" name="test_category_summary_removes_stale_action_cleanup_fragments" time="0.002" /><testcase classname="tests.test_dommer_b_regression" name="test_electrical_tg_forbidden_suppressed_when_no_tg_hms_point_has_empty_tg" time="0.001" /><testcase classname="tests.test_dommer_b_regression" name="test_electrical_tg_forbidden_kept_when_electrical_point_has_real_tg" time="0.001" /><testcase classname="tests.test_dommer_b_regression" name="test_drainage_action_in_consequence_classified_as_tiltak_not_technical_development" time="0.001" /><testcase classname="tests.test_dommer_b_regression" name="test_kjolerom_action_sentence_recovered_from_konsekvens_tiltak_raw_text" time="0.002" /><testcase classname="tests.test_dommer_b_regression" name="test_missing_tg3_tiltak_finding_removed_when_final_raw_point_has_action" time="0.002" /><testcase classname="tests.test_dommer_b_regression" name="test_age_only_rule_suppressed_for_internal_water_and_drain_service_life" time="0.007" /><testcase classname="tests.test_dommer_b_regression" name="test_summary_sanitizer_removes_hva_avviket_betyr_for_kjoper_wording" time="0.001" /><testcase classname="tests.test_dommer_b_regression" name="test_age_only_category_summary_removed_when_age_finding_suppressed" time="0.001" /><testcase classname="tests.test_dommer_b_regression" name="test_final_category_summary_contract_sanitizes_non_a_buyer_wording" time="0.000" /><testcase classname="tests.test_dommer_b_regression" name="test_final_category_summary_contract_removes_tg3_mangler_ogsaa_cost_variant" time="0.001" /><testcase classname="tests.test_phase_a_contracts_and_understanding" name="test_a1_contracts_forbid_unknown_fields" time="0.001" /><testcase classname="tests.test_phase_a_contracts_and_understanding" name="test_page_spans_preserve_global_source_offsets" time="0.000" /><testcase classname="tests.test_phase_a_contracts_and_understanding" name="test_a2_validates_exact_evidence_and_recovers_bad_claimed_offsets" time="0.009" /><testcase classname="tests.test_phase_a_contracts_and_understanding" name="test_a2_rejects_hallucinated_evidence_and_conflicting_normalized_date" time="0.003" /><testcase classname="tests.test_phase_a_contracts_and_understanding" name="test_general_ai_provider_candidate_requires_structural_confirmation" time="0.005" /><testcase classname="tests.test_phase_a_contracts_and_understanding" name="test_structural_provider_label_self_confirms_provider_fact" time="0.003" /><testcase classname="tests.test_phase_a_contracts_and_understanding" name="test_declared_standard_accepts_generic_ns_citation" time="0.003" /><testcase classname="tests.test_phase_a_contracts_and_understanding" name="test_provider_fast_path_is_optional_and_general_path_handles_unknown_layout" time="0.003" /><testcase classname="tests.test_phase_a_contracts_and_understanding" name="test_report_point_anchor_miss_does_not_leave_abstention_when_source_inventory_materializes_point" time="0.003" /><testcase classname="tests.test_phase_a_contracts_and_understanding" name="test_whitespace_normalized_match_maps_back_to_exact_original_source" time="0.002" /><testcase classname="tests.test_phase_a_contracts_and_understanding" name="test_report_point_keeps_anchor_and_binds_complete_body_for_semantic_assessment" time="0.003" /><testcase classname="tests.test_phase_a_contracts_and_understanding" name="test_declared_tg_summary_mismatch_is_a_completion_blocker_not_a2_rejection" time="0.003" /><testcase classname="tests.test_phase_a_contracts_and_understanding" name="test_non_contiguous_candidate_is_represented_as_explicit_source_spans" time="0.003" /><testcase classname="tests.test_phase_a_contracts_and_understanding" name="test_primary_text_is_selected_when_table_extraction_duplicates_same_quote" time="0.002" /><testcase classname="tests.test_phase_a_contracts_and_understanding" name="test_segment_identity_is_source_derived_across_changed_ai_identity_and_wording" time="0.005" /><testcase classname="tests.test_phase_a_contracts_and_understanding" name="test_every_raw_candidate_has_disposition_and_duplicate_trace" time="0.003" /><testcase classname="tests.test_phase_a_contracts_and_understanding" name="test_unresolved_tg3_point_blocks_complete_understanding_state" time="0.004" /><testcase classname="tests.test_phase_a_contracts_and_understanding" name="test_non_authoritative_structural_tg_does_not_override_validated_tg3_candidate" time="0.003" /><testcase classname="tests.test_phase_a_contracts_and_understanding" name="test_deterministic_date_facts_distinguish_inspection_and_report_dates" time="0.002" /><testcase classname="tests.test_phase_a_contracts_and_understanding" name="test_fremtind_gjovik_extracts_report_date_and_specific_ns_edition" time="0.003" /><testcase classname="tests.test_phase_a_contracts_and_understanding" name="test_signature_block_trailing_date_is_recognized_as_report_date" time="0.002" /><testcase classname="tests.test_phase_a_contracts_and_understanding" name="test_extractor_failure_fails_closed_without_leaking_an_unvalidated_result" time="0.003" /><testcase classname="tests.test_phase_a_contracts_and_understanding" name="test_regime_interface_remains_pending_for_every_rule_category" time="0.004" /><testcase classname="tests.test_phase_a_contracts_and_understanding" name="test_a1_a2_integration_boundary_is_disabled_and_shadow_only" time="0.004" /><testcase classname="tests.test_phase_a_contracts_and_understanding" name="test_v46_runtime_and_signed_reference_artifacts_are_frozen" time="0.038" /><testcase classname="tests.test_verified_template_gate" name="test_governed_detector_routes_only_signed_templates" time="0.003" /><testcase classname="tests.test_verified_template_gate" name="test_bolavi_gate_rejects_filename_email_and_structural_near_misses" time="0.001" /><testcase classname="tests.test_verified_template_gate" name="test_persisted_signed_boundary_requires_current_structural_match" time="0.001" /><testcase classname="tests.test_verified_template_gate" name="test_unverified_upload_safe_stops_before_analyzer" time="0.011" /><testcase classname="tests.test_verified_template_gate" name="test_verified_public_projection_is_no_score_and_does_not_mutate_canonical_feedback" time="0.001" /><testcase classname="tests.test_verified_template_gate" name="test_public_taxonomy_cleaning_requires_governed_route_and_never_mutates_canonical" time="0.001" /><testcase classname="tests.test_verified_template_gate" name="test_canonical_and_internal_payloads_preserve_p_code_identity" time="0.001" /><testcase classname="tests.test_verified_template_gate" name="test_taxonomy_sanitizer_is_not_called_by_canonical_analysis_builders" time="0.012" /><testcase classname="tests.test_verified_template_gate" name="test_final_public_scan_fails_on_nested_internal_ids_and_scoring_keys" time="0.000" /><testcase classname="tests.test_verified_template_gate" name="test_final_public_scan_rejects_generic_internal_identifier_keys" time="0.000" /><testcase classname="tests.test_verified_template_gate" name="test_historical_unverified_get_and_list_are_two_field_safe_stops" time="0.002" /></testsuite></testsuites>